15:00:28.105 [main] DEBUG org.apache.poi.ooxml.POIXMLFactory - using default POIXMLDocumentPart for http://schemas.openxmlformats.org/officeDocument/2006/relationships/printerSettings
15:00:28.129 [main] DEBUG org.apache.poi.openxml4j.opc.PackageRelationshipCollection - Parsing relationship: /xl/_rels/workbook.xml.rels
15:00:28.132 [main] DEBUG org.apache.poi.openxml4j.opc.PackageRelationshipCollection - Parsing relationship: /xl/worksheets/_rels/sheet1.xml.rels
15:00:28.135 [main] DEBUG org.apache.poi.openxml4j.opc.PackageRelationshipCollection - Parsing relationship: /_rels/.rels
15:00:28.152 [main] DEBUG org.apache.poi.ooxml.POIXMLFactory - using default POIXMLDocumentPart for http://schemas.openxmlformats.org/officeDocument/2006/relationships/printerSettings
15:00:28.185 [main] DEBUG org.apache.poi.openxml4j.opc.PackageRelationshipCollection - Parsing relationship: /xl/_rels/workbook.xml.rels
15:00:28.188 [main] DEBUG org.apache.poi.openxml4j.opc.PackageRelationshipCollection - Parsing relationship: /xl/worksheets/_rels/sheet1.xml.rels
15:00:28.189 [main] DEBUG org.apache.poi.openxml4j.opc.PackageRelationshipCollection - Parsing relationship: /_rels/.rels
15:00:28.225 [main] DEBUG org.apache.poi.ooxml.POIXMLFactory - using default POIXMLDocumentPart for http://schemas.openxmlformats.org/officeDocument/2006/relationships/printerSettings
15:00:28.247 [main] DEBUG org.apache.poi.openxml4j.opc.PackageRelationshipCollection - Parsing relationship: /xl/_rels/workbook.xml.rels
15:00:28.248 [main] DEBUG org.apache.poi.openxml4j.opc.PackageRelationshipCollection - Parsing relationship: /xl/worksheets/_rels/sheet1.xml.rels
15:00:28.268 [main] DEBUG org.apache.poi.openxml4j.opc.PackageRelationshipCollection - Parsing relationship: /_rels/.rels
15:00:28.386 [main] DEBUG org.apache.poi.ooxml.POIXMLFactory - using default POIXMLDocumentPart for http://schemas.openxmlformats.org/officeDocument/2006/relationships/printerSettings
15:00:28.411 [main] DEBUG org.apache.poi.openxml4j.opc.PackageRelationshipCollection - Parsing relationship: /xl/_rels/workbook.xml.rels
15:00:28.412 [main] DEBUG org.apache.poi.openxml4j.opc.PackageRelationshipCollection - Parsing relationship: /xl/worksheets/_rels/sheet1.xml.rels
15:00:28.412 [main] DEBUG org.apache.poi.openxml4j.opc.PackageRelationshipCollection - Parsing relationship: /_rels/.rels
15:00:28.421 [main] DEBUG org.apache.poi.ooxml.POIXMLFactory - using default POIXMLDocumentPart for http://schemas.openxmlformats.org/officeDocument/2006/relationships/printerSettings
15:08:32.519 [main] INFO  testcases.Tc_001AccountRegistrationtest - starting Tc_001AccountRegistrationtest
15:08:32.872 [main] INFO  testcases.Tc_001AccountRegistrationtest - Clicked on my account link
15:08:33.393 [main] INFO  testcases.Tc_001AccountRegistrationtest - clicked on Registration link
15:08:33.397 [main] INFO  testcases.Tc_001AccountRegistrationtest - providing the customer details
15:08:35.287 [main] INFO  testcases.Tc_001AccountRegistrationtest - validating exetected message..
15:08:35.344 [main] INFO  testcases.Tc_001AccountRegistrationtest - finished Tc_001AccountRegistrationtest
15:08:38.144 [main] INFO  testcases.Tc_002Accountlogin - Test execution started
15:17:55.189 [main] INFO  testcases.Tc_001AccountRegistrationtest - starting Tc_001AccountRegistrationtest
15:17:55.429 [main] INFO  testcases.Tc_001AccountRegistrationtest - Clicked on my account link
15:17:55.977 [main] INFO  testcases.Tc_001AccountRegistrationtest - clicked on Registration link
15:17:55.982 [main] INFO  testcases.Tc_001AccountRegistrationtest - providing the customer details
15:17:57.705 [main] INFO  testcases.Tc_001AccountRegistrationtest - validating exetected message..
15:17:57.757 [main] INFO  testcases.Tc_001AccountRegistrationtest - finished Tc_001AccountRegistrationtest
15:18:00.403 [main] INFO  testcases.Tc_002Accountlogin - Test execution started
12:11:50.745 [main] INFO  testcases.Tc_001AccountRegistrationtest - starting Tc_001AccountRegistrationtest
12:11:50.854 [main] INFO  testcases.Tc_002Accountlogin - Test execution started
12:16:18.420 [main] INFO  testcases.Tc_001AccountRegistrationtest - starting Tc_001AccountRegistrationtest
12:16:18.515 [main] INFO  testcases.Tc_002Accountlogin - Test execution started
12:30:18.450 [main] INFO  testcases.Tc_002Accountlogin - Test execution started
12:31:36.799 [main] INFO  testcases.Tc_002Accountlogin - Test execution started
12:35:05.087 [main] INFO  testcases.Tc_002Accountlogin - Test execution started
12:36:11.989 [main] INFO  testcases.Tc_002Accountlogin - Test execution started
12:36:16.672 [main] DEBUG org.apache.poi.openxml4j.opc.PackageRelationshipCollection - Parsing relationship: /xl/_rels/workbook.xml.rels
12:36:16.679 [main] DEBUG org.apache.poi.openxml4j.opc.PackageRelationshipCollection - Parsing relationship: /xl/worksheets/_rels/sheet1.xml.rels
12:36:16.685 [main] DEBUG org.apache.poi.openxml4j.opc.PackageRelationshipCollection - Parsing relationship: /_rels/.rels
