20:23:09.472 [main] INFO  testcases.Tc_001AccountRegistrationtest - Clicked on my account link
20:23:10.147 [main] INFO  testcases.Tc_001AccountRegistrationtest - clicked on Registration link
20:23:10.163 [main] INFO  testcases.Tc_001AccountRegistrationtest - providing the customer details
20:23:12.105 [main] INFO  testcases.Tc_001AccountRegistrationtest - validating exetected message..
20:23:12.170 [main] INFO  testcases.Tc_001AccountRegistrationtest - finished Tc_001AccountRegistrationtest
21:49:22.675 [main] INFO  testcases.Tc_001AccountRegistrationtest - starting Tc_001AccountRegistrationtest
21:49:23.078 [main] INFO  testcases.Tc_001AccountRegistrationtest - Clicked on my account link
21:49:23.479 [main] INFO  testcases.Tc_001AccountRegistrationtest - clicked on Registration link
21:49:23.482 [main] INFO  testcases.Tc_001AccountRegistrationtest - providing the customer details
21:49:24.963 [main] INFO  testcases.Tc_001AccountRegistrationtest - validating exetected message..
21:49:25.012 [main] INFO  testcases.Tc_001AccountRegistrationtest - finished Tc_001AccountRegistrationtest
21:49:25.326 [main] INFO  testcases.Tc_001AccountRegistrationtest - starting Tc_001AccountRegistrationtest
21:50:04.084 [main] INFO  testcases.Tc_001AccountRegistrationtest - starting Tc_001AccountRegistrationtest
21:50:04.214 [main] INFO  testcases.Tc_001AccountRegistrationtest - Clicked on my account link
21:50:05.033 [main] INFO  testcases.Tc_001AccountRegistrationtest - clicked on Registration link
21:50:05.038 [main] INFO  testcases.Tc_001AccountRegistrationtest - providing the customer details
21:50:07.585 [main] INFO  testcases.Tc_001AccountRegistrationtest - validating exetected message..
21:50:07.630 [main] INFO  testcases.Tc_001AccountRegistrationtest - finished Tc_001AccountRegistrationtest
21:50:07.896 [main] INFO  testcases.Tc_001AccountRegistrationtest - starting Tc_001AccountRegistrationtest
21:50:47.861 [main] INFO  testcases.Tc_001AccountRegistrationtest - starting Tc_001AccountRegistrationtest
21:50:48.239 [main] INFO  testcases.Tc_001AccountRegistrationtest - Clicked on my account link
21:50:48.677 [main] INFO  testcases.Tc_001AccountRegistrationtest - clicked on Registration link
21:50:48.679 [main] INFO  testcases.Tc_001AccountRegistrationtest - providing the customer details
21:50:49.701 [main] INFO  testcases.Tc_001AccountRegistrationtest - validating exetected message..
21:50:59.148 [main] INFO  testcases.Tc_001AccountRegistrationtest - starting Tc_001AccountRegistrationtest
21:51:13.321 [main] INFO  testcases.Tc_001AccountRegistrationtest - starting Tc_001AccountRegistrationtest
21:51:13.584 [main] INFO  testcases.Tc_001AccountRegistrationtest - Clicked on my account link
21:51:17.036 [main] INFO  testcases.Tc_001AccountRegistrationtest - clicked on Registration link
21:51:17.038 [main] INFO  testcases.Tc_001AccountRegistrationtest - providing the customer details
21:51:18.718 [main] INFO  testcases.Tc_001AccountRegistrationtest - validating exetected message..
21:51:18.757 [main] INFO  testcases.Tc_001AccountRegistrationtest - finished Tc_001AccountRegistrationtest
21:51:19.073 [main] INFO  testcases.Tc_001AccountRegistrationtest - starting Tc_001AccountRegistrationtest
21:51:45.578 [main] INFO  testcases.Tc_001AccountRegistrationtest - starting Tc_001AccountRegistrationtest
21:51:45.725 [main] INFO  testcases.Tc_001AccountRegistrationtest - Clicked on my account link
21:51:46.136 [main] INFO  testcases.Tc_001AccountRegistrationtest - clicked on Registration link
21:51:46.146 [main] INFO  testcases.Tc_001AccountRegistrationtest - providing the customer details
21:51:47.476 [main] INFO  testcases.Tc_001AccountRegistrationtest - validating exetected message..
21:51:47.516 [main] INFO  testcases.Tc_001AccountRegistrationtest - finished Tc_001AccountRegistrationtest
21:51:47.809 [main] INFO  testcases.Tc_001AccountRegistrationtest - starting Tc_001AccountRegistrationtest
21:53:17.596 [main] INFO  testcases.Tc_001AccountRegistrationtest - starting Tc_001AccountRegistrationtest
21:53:17.771 [main] INFO  testcases.Tc_001AccountRegistrationtest - Clicked on my account link
21:53:18.824 [main] INFO  testcases.Tc_001AccountRegistrationtest - clicked on Registration link
21:53:18.826 [main] INFO  testcases.Tc_001AccountRegistrationtest - providing the customer details
21:53:20.452 [main] INFO  testcases.Tc_001AccountRegistrationtest - validating exetected message..
21:53:20.498 [main] INFO  testcases.Tc_001AccountRegistrationtest - finished Tc_001AccountRegistrationtest
21:53:20.766 [main] INFO  testcases.Tc_001AccountRegistrationtest - starting Tc_001AccountRegistrationtest
10:46:16.165 [main] INFO  testcases.Tc_001AccountRegistrationtest - starting Tc_001AccountRegistrationtest
10:46:16.541 [main] INFO  testcases.Tc_001AccountRegistrationtest - Clicked on my account link
10:46:17.091 [main] INFO  testcases.Tc_001AccountRegistrationtest - clicked on Registration link
